<?xml version="1.0" encoding="UTF-8"?>
<!-- Generated by org.testng.reporters.JUnitReportReporter -->
<testsuite skipped="0" hostname="GuruPrasad-PC" name="com.eaglemortgage.tests.ValidLoginLogout" tests="1" failures="0" timestamp="26 Nov 2017 17:03:36 GMT" time="12.909" errors="0">
  <testcase name="testValidLoginLogout" time="12.909" classname="com.eaglemortgage.tests.ValidLoginLogout"/>
</testsuite> <!-- com.eaglemortgage.tests.ValidLoginLogout -->
